  Compiling CUDA source file kernel.cu...
  
  G:\Новая папка (2)\fractalCompression\fractalCompression>"C:\Program Files\NVIDIA GPU Computing Toolkit\CUDA\v9.2\bin\nvcc.exe" -gencode=arch=compute_30,code=\"sm_30,compute_30\" --use-local-env -ccbin "C:\Program Files (x86)\Microsoft Visual Studio 12.0\VC\bin\x86_amd64" -x cu  -I"C:\Program Files\NVIDIA GPU Computing Toolkit\CUDA\v9.2\include" -I"C:\Program Files\NVIDIA GPU Computing Toolkit\CUDA\v9.2\include"  -G   --keep-dir x64\Debug -maxrregcount=0  --machine 64 --compile -cudart static  -g   -DWIN32 -DWIN64 -D_DEBUG -D_CONSOLE -D_MBCS -Xcompiler "/EHsc /W3 /nologo /Od /Fdx64\Debug\vc120.pdb /FS /Zi /RTC1 /MDd " -o x64\Debug\kernel.cu.obj "G:\Новая папка (2)\fractalCompression\fractalCompression\kernel.cu" 
G:/═ютр  яряър (2)/fractalCompression/fractalCompression/kernel.cu(19): warning : declaration requires a typedef name
G:/═ютр  яряър (2)/fractalCompression/fractalCompression/kernel.cu(31): warning : declaration requires a typedef name
G:/═ютр  яряър (2)/fractalCompression/fractalCompression/kernel.cu(41): warning : declaration requires a typedef name
G:/═ютр  яряър (2)/fractalCompression/fractalCompression/kernel.cu(48): warning : declaration requires a typedef name
G:/═ютр  яряър (2)/fractalCompression/fractalCompression/kernel.cu(56): warning : declaration requires a typedef name
G:/═ютр  яряър (2)/fractalCompression/fractalCompression/kernel.cu(422): warning : variable "affineOffsetOfSnap" was declared but never referenced
G:/═ютр  яряър (2)/fractalCompression/fractalCompression/kernel.cu(690): warning : variable "found" was declared but never referenced
G:/═ютр  яряър (2)/fractalCompression/fractalCompression/kernel.cu(1034): warning : variable "blueblocks2" was declared but never referenced
G:/═ютр  яряър (2)/fractalCompression/fractalCompression/kernel.cu(1035): warning : variable "redblocks2" was declared but never referenced
G:/═ютр  яряър (2)/fractalCompression/fractalCompression/kernel.cu(1036): warning : variable "greenblocks2" was declared but never referenced
G:/═ютр  яряър (2)/fractalCompression/fractalCompression/kernel.cu(19): warning : declaration requires a typedef name
G:/═ютр  яряър (2)/fractalCompression/fractalCompression/kernel.cu(31): warning : declaration requires a typedef name
G:/═ютр  яряър (2)/fractalCompression/fractalCompression/kernel.cu(41): warning : declaration requires a typedef name
G:/═ютр  яряър (2)/fractalCompression/fractalCompression/kernel.cu(48): warning : declaration requires a typedef name
G:/═ютр  яряър (2)/fractalCompression/fractalCompression/kernel.cu(56): warning : declaration requires a typedef name
  kernel.cu
G:/Новая папка (2)/fractalCompression/fractalCompression/kernel.cu(870): warning C4244: '=' : conversion from 'float' to 'byte', possible loss of data
G:/Новая папка (2)/fractalCompression/fractalCompression/kernel.cu(883): warning C4244: '=' : conversion from 'float' to 'byte', possible loss of data
G:/Новая папка (2)/fractalCompression/fractalCompression/kernel.cu(912): warning C4244: 'argument' : conversion from 'float' to 'int', possible loss of data
G:/Новая папка (2)/fractalCompression/fractalCompression/kernel.cu(914): warning C4244: 'argument' : conversion from 'float' to 'int', possible loss of data
G:/Новая папка (2)/fractalCompression/fractalCompression/kernel.cu(916): warning C4244: 'argument' : conversion from 'float' to 'int', possible loss of data
G:/Новая папка (2)/fractalCompression/fractalCompression/kernel.cu(918): warning C4244: 'argument' : conversion from 'float' to 'int', possible loss of data
G:/Новая папка (2)/fractalCompression/fractalCompression/kernel.cu(920): warning C4244: 'argument' : conversion from 'float' to 'int', possible loss of data
G:/Новая папка (2)/fractalCompression/fractalCompression/kernel.cu(922): warning C4244: 'argument' : conversion from 'float' to 'int', possible loss of data
G:/Новая папка (2)/fractalCompression/fractalCompression/kernel.cu(924): warning C4244: 'argument' : conversion from 'float' to 'int', possible loss of data
G:/Новая папка (2)/fractalCompression/fractalCompression/kernel.cu(926): warning C4244: 'argument' : conversion from 'float' to 'int', possible loss of data
  fractalCompression.vcxproj -> G:\Новая папка (2)\fractalCompression\x64\Debug\fractalCompression.exe
